2024-05-19 20:09:22,138 - Создание корзины
2024-05-19 20:09:22,138 - Создание системной папки
2024-05-19 20:09:22,138 - Создание начальных папок
2024-05-19 20:12:35,094 - Создание корзины
2024-05-19 20:12:35,094 - Создание системной папки
2024-05-19 20:12:35,094 - Создание начальных папок
2024-05-19 20:13:29,437 - Создание корзины
2024-05-19 20:13:29,438 - Создание системной папки
2024-05-19 20:13:29,438 - Создание начальных папок
2024-05-19 20:14:01,257 - Создание корзины
2024-05-19 20:14:01,258 - Создание системной папки
2024-05-19 20:14:01,258 - Создание начальных папок
2024-05-19 20:14:02,334 - Выполнение задания по обновлению информации о памяти и размерах окна
2024-05-19 20:14:03,325 - Выполнение задания по обновлению информации о памяти и размерах окна
2024-05-19 20:14:03,776 - Выполнение задания по обновлению информации о памяти и размерах окна
2024-05-19 20:14:04,325 - Выполнение задания по обновлению информации о памяти и размерах окна
2024-05-19 20:14:05,325 - Выполнение задания по обновлению информации о памяти и размерах окна
2024-05-19 20:14:06,325 - Выполнение задания по обновлению информации о памяти и размерах окна
2024-05-19 20:14:07,486 - Выполнение задания по обновлению информации о памяти и размерах окна
2024-05-19 20:14:31,672 - Создание корзины
2024-05-19 20:14:31,672 - Создание системной папки
2024-05-19 20:14:31,673 - Создание начальных папок
2024-05-19 20:15:30,250 - Создание корзины
2024-05-19 20:15:30,250 - Создание системной папки
2024-05-19 20:15:30,250 - Создание начальных папок
2024-05-19 20:22:07,965 - Создание корзины
2024-05-19 20:22:07,965 - Создание системной папки
2024-05-19 20:22:07,965 - Создание начальных папок
2024-05-19 20:22:43,345 - Создание корзины
2024-05-19 20:22:43,345 - Создание системной папки
2024-05-19 20:22:43,345 - Создание начальных папок
2024-05-19 20:25:15,548 - Создание корзины
2024-05-19 20:25:15,549 - Создание системной папки
2024-05-19 20:25:15,549 - Создание начальных папок
2024-05-19 20:27:59,351 - Создание корзины
2024-05-19 20:27:59,351 - Создание системной папки
2024-05-19 20:27:59,351 - Создание начальных папок
2024-05-19 20:28:25,993 - Создание корзины
2024-05-19 20:28:25,993 - Создание системной папки
2024-05-19 20:28:25,993 - Создание начальных папок
2024-05-19 20:29:33,435 - Создание корзины
2024-05-19 20:29:33,435 - Создание системной папки
2024-05-19 20:29:33,435 - Создание начальных папок
2024-05-19 20:31:08,378 - Создание корзины
2024-05-19 20:31:08,378 - Создание системной папки
2024-05-19 20:31:08,378 - Создание начальных папок
2024-05-19 20:31:31,297 - Создание корзины
2024-05-19 20:31:31,297 - Создание системной папки
2024-05-19 20:31:31,297 - Создание начальных папок
2024-05-19 20:32:26,097 - Создание корзины
2024-05-19 20:32:26,097 - Создание системной папки
2024-05-19 20:32:26,098 - Создание начальных папок
2024-05-19 20:32:51,045 - Создание корзины
2024-05-19 20:32:51,045 - Создание системной папки
2024-05-19 20:32:51,045 - Создание начальных папок
2024-05-19 20:33:06,274 - Создание корзины
2024-05-19 20:33:06,274 - Создание системной папки
2024-05-19 20:33:06,274 - Создание начальных папок
2024-05-19 20:33:40,973 - Создание корзины
2024-05-19 20:33:40,973 - Создание системной папки
2024-05-19 20:33:40,973 - Создание начальных папок
2024-05-19 20:42:06,780 - Создание корзины
2024-05-19 20:42:06,780 - Создание системной папки
2024-05-19 20:42:06,780 - Создание начальных папок
2024-05-19 20:42:09,270 - Открытие системного терминала: Терминал
2024-05-19 20:42:09,270 - Открытие кастомного терминала
2024-05-19 20:45:32,341 - Создание корзины
2024-05-19 20:45:32,341 - Создание системной папки
2024-05-19 20:45:32,342 - Создание начальных папок
2024-05-19 20:47:02,922 - Создание корзины
2024-05-19 20:47:02,922 - Создание системной папки
2024-05-19 20:47:02,922 - Создание начальных папок
2024-05-19 20:47:05,091 - Открытие системного терминала: Терминал
2024-05-19 20:47:05,091 - Открытие кастомного терминала
2024-05-19 20:50:58,575 - Создание корзины
2024-05-19 20:50:58,575 - Создание системной папки
2024-05-19 20:50:58,575 - Создание начальных папок
2024-05-19 20:52:01,926 - Создание корзины
2024-05-19 20:52:01,927 - Создание системной папки
2024-05-19 20:52:01,927 - Создание начальных папок
2024-05-19 20:52:09,510 - Показ контекстного меню
2024-05-19 20:52:13,586 - Создан файл: /home/dan/Superapp/folder2/66
2024-05-19 20:52:21,481 - Удален файл: /home/dan/Superapp/folder1/66
2024-05-19 20:56:06,358 - Создание корзины
2024-05-19 20:56:06,359 - Создание системной папки
2024-05-19 20:56:06,359 - Создание начальных папок
2024-05-19 21:05:37,746 - Показ горячих клавиш
2024-05-19 21:12:20,671 - Создание корзины
2024-05-19 21:12:20,671 - Создание системной папки
2024-05-19 21:12:20,671 - Создание начальных папок
2024-05-19 21:20:10,882 - Показ контекстного меню
2024-05-19 21:23:19,563 - Создание корзины
2024-05-19 21:23:19,564 - Создание системной папки
2024-05-19 21:23:19,564 - Создание начальных папок
2024-05-19 21:23:21,361 - Открытие системного терминала: Терминал
2024-05-19 21:23:21,362 - Открытие кастомного терминала
2024-05-19 22:16:12,723 - Показ контекстного меню
2024-05-19 22:16:42,510 - Показ информации о программе
2024-05-19 22:34:37,493 - Создание корзины
2024-05-19 22:34:37,493 - Создание системной папки
2024-05-19 22:34:37,493 - Создание начальных папок
2024-05-19 22:34:42,109 - Показ контекстного меню
2024-05-19 22:37:47,001 - Ошибка удаление защищенного объекта: /home/dan/Superapp/Корзина
2024-05-19 23:10:33,300 - Создание корзины
2024-05-19 23:10:33,300 - Создание системной папки
2024-05-19 23:10:33,300 - Создание начальных папок
2024-05-19 23:10:35,378 - Открытие системного терминала: Терминал
2024-05-19 23:10:35,379 - Открытие кастомного терминала
2024-05-20 10:51:17,919 - Создание корзины
2024-05-20 10:51:17,921 - Создание системной папки
2024-05-20 10:51:17,921 - Создание начальных папок
2024-05-20 10:52:45,220 - Открытие системного терминала: Терминал
2024-05-20 10:52:45,220 - Открытие кастомного терминала
2024-05-20 11:09:13,209 - Создание корзины
2024-05-20 11:09:13,210 - Создание системной папки
2024-05-20 11:09:13,210 - Создание начальных папок
2024-05-20 11:10:05,592 - Показ контекстного меню
2024-05-20 11:10:26,400 - Отслеживание процессов ОС вне ПО
2024-05-20 11:14:25,938 - Открытие системного терминала: Терминал
2024-05-20 11:14:25,939 - Открытие кастомного терминала
2024-05-20 13:43:17,717 - Создание корзины
2024-05-20 13:43:17,718 - Создание системной папки
2024-05-20 13:43:17,718 - Создание начальных папок
2024-05-20 13:43:37,123 - Создание корзины
2024-05-20 13:43:37,124 - Создание системной папки
2024-05-20 13:43:37,124 - Создание начальных папок
2024-05-20 13:44:47,882 - Создание корзины
2024-05-20 13:44:47,883 - Создание системной папки
2024-05-20 13:44:47,883 - Создание начальных папок
2024-05-20 13:45:31,033 - Создание корзины
2024-05-20 13:45:31,033 - Создание системной папки
2024-05-20 13:45:31,033 - Создание начальных папок
2024-05-20 13:47:03,350 - Создание корзины
2024-05-20 13:47:03,350 - Создание системной папки
2024-05-20 13:47:03,350 - Создание начальных папок
2024-05-20 13:53:56,693 - Создание корзины
2024-05-20 13:53:56,693 - Создание системной папки
2024-05-20 13:53:56,693 - Создание начальных папок
2024-05-20 13:54:00,009 - Отслеживание процессов ОС вне ПО
2024-05-20 13:57:48,215 - Создание корзины
2024-05-20 13:57:48,215 - Создание системной папки
2024-05-20 13:57:48,215 - Создание начальных папок
2024-05-20 13:57:51,853 - Отслеживание процессов ОС вне ПО
2024-05-20 14:00:35,101 - Создание корзины
2024-05-20 14:00:35,101 - Создание системной папки
2024-05-20 14:00:35,101 - Создание начальных папок
2024-05-20 14:09:05,371 - Создание корзины
2024-05-20 14:09:05,371 - Создание системной папки
2024-05-20 14:09:05,371 - Создание начальных папок
2024-05-20 14:09:29,414 - Создание корзины
2024-05-20 14:09:29,414 - Создание системной папки
2024-05-20 14:09:29,414 - Создание начальных папок
2024-05-20 14:09:50,238 - Создание корзины
2024-05-20 14:09:50,238 - Создание системной папки
2024-05-20 14:09:50,238 - Создание начальных папок
2024-05-20 14:10:12,673 - Создание корзины
2024-05-20 14:10:12,674 - Создание системной папки
2024-05-20 14:10:12,674 - Создание начальных папок
2024-05-20 14:31:08,707 - Создание корзины
2024-05-20 14:31:08,707 - Создание системной папки
2024-05-20 14:31:08,707 - Создание начальных папок
2024-05-20 14:34:51,519 - Создание корзины
2024-05-20 14:34:51,519 - Создание системной папки
2024-05-20 14:34:51,519 - Создание начальных папок
2024-05-20 14:35:31,410 - Создание корзины
2024-05-20 14:35:31,410 - Создание системной папки
2024-05-20 14:35:31,410 - Создание начальных папок
2024-05-20 14:36:13,805 - Создание корзины
2024-05-20 14:36:13,805 - Создание системной папки
2024-05-20 14:36:13,806 - Создание начальных папок
2024-05-20 14:36:19,062 - Создание корзины
2024-05-20 14:36:19,062 - Создание системной папки
2024-05-20 14:36:19,062 - Создание начальных папок
2024-05-20 14:37:32,013 - Создание корзины
2024-05-20 14:37:32,013 - Создание системной папки
2024-05-20 14:37:32,013 - Создание начальных папок
2024-05-20 14:40:09,445 - Создание корзины
2024-05-20 14:40:09,445 - Создание системной папки
2024-05-20 14:40:09,445 - Создание начальных папок
2024-05-20 14:41:27,835 - Создание корзины
2024-05-20 14:41:27,836 - Создание системной папки
2024-05-20 14:41:27,836 - Создание начальных папок
2024-05-20 14:42:18,885 - Создание корзины
2024-05-20 14:42:18,885 - Создание системной папки
2024-05-20 14:42:18,885 - Создание начальных папок
2024-05-20 14:43:15,812 - Создание корзины
2024-05-20 14:43:15,813 - Создание системной папки
2024-05-20 14:43:15,813 - Создание начальных папок
2024-05-20 14:46:16,509 - Создание корзины
2024-05-20 14:46:16,510 - Создание системной папки
2024-05-20 14:46:16,510 - Создание начальных папок
2024-05-20 14:47:03,480 - Создание корзины
2024-05-20 14:47:03,481 - Создание системной папки
2024-05-20 14:47:03,481 - Создание начальных папок
2024-05-20 14:50:55,836 - Создание корзины
2024-05-20 14:50:55,836 - Создание системной папки
2024-05-20 14:50:55,837 - Создание начальных папок
2024-05-20 14:51:44,633 - Создание корзины
2024-05-20 14:51:44,633 - Создание системной папки
2024-05-20 14:51:44,634 - Создание начальных папок
2024-05-20 14:56:01,890 - Создание корзины
2024-05-20 14:56:01,891 - Создание системной папки
2024-05-20 14:56:01,891 - Создание начальных папок
2024-05-20 14:57:31,773 - Создание корзины
2024-05-20 14:57:31,773 - Создание системной папки
2024-05-20 14:57:31,773 - Создание начальных папок
2024-05-20 14:58:10,912 - Создание корзины
2024-05-20 14:58:10,912 - Создание системной папки
2024-05-20 14:58:10,912 - Создание начальных папок
2024-05-20 14:58:48,217 - Создание корзины
2024-05-20 14:58:48,217 - Создание системной папки
2024-05-20 14:58:48,217 - Создание начальных папок
2024-05-20 14:59:10,896 - Создание корзины
2024-05-20 14:59:10,896 - Создание системной папки
2024-05-20 14:59:10,896 - Создание начальных папок
2024-05-20 15:01:57,223 - Создание корзины
2024-05-20 15:01:57,223 - Создание системной папки
2024-05-20 15:01:57,223 - Создание начальных папок
2024-05-20 15:03:08,519 - Создание корзины
2024-05-20 15:03:08,520 - Создание системной папки
2024-05-20 15:03:08,520 - Создание начальных папок
2024-05-20 15:03:31,677 - Создание корзины
2024-05-20 15:03:31,677 - Создание системной папки
2024-05-20 15:03:31,678 - Создание начальных папок
2024-05-20 20:21:49,673 - Создание корзины
2024-05-20 20:21:49,674 - Создание системной папки
2024-05-20 20:21:49,674 - Создание начальных папок
2024-05-20 20:23:04,155 - Создание корзины
2024-05-20 20:23:04,155 - Создание системной папки
2024-05-20 20:23:04,155 - Создание начальных папок
2024-05-20 20:56:13,020 - Создание корзины
2024-05-20 20:56:13,020 - Создание системной папки
2024-05-20 20:56:13,020 - Создание начальных папок
2024-05-21 13:53:03,238 - Создание корзины
2024-05-21 13:53:03,240 - Создание системной папки
2024-05-21 13:53:03,240 - Создание начальных папок
2024-05-21 13:55:35,988 - Создание корзины
2024-05-21 13:55:35,988 - Создание системной папки
2024-05-21 13:55:35,988 - Создание начальных папок
2024-05-21 13:57:10,679 - Создание корзины
2024-05-21 13:57:10,680 - Создание системной папки
2024-05-21 13:57:10,680 - Создание начальных папок
2024-05-21 13:58:48,489 - Показ контекстного меню
2024-05-21 13:58:52,767 - Создана папка: /home/dan/Superapp/folder2/7
2024-05-21 13:59:18,436 - Показ контекстного меню
2024-05-21 13:59:22,678 - Создан файл: /home/dan/Superapp/folder2/66
2024-05-21 13:59:38,371 - Перемещение объекта в корзину: /home/dan/Superapp/folder2/66 to /home/dan/Superapp/Корзина/66
2024-05-21 13:59:39,596 - Перемещение объекта в корзину: /home/dan/Superapp/folder2/7 to /home/dan/Superapp/Корзина/7
2024-05-21 13:59:44,425 - Удалена папка: /home/dan/Superapp/Корзина/7
2024-05-21 13:59:45,099 - Удален файл: /home/dan/Superapp/Корзина/66
2024-05-21 14:03:52,115 - Создание корзины
2024-05-21 14:03:52,115 - Создание системной папки
2024-05-21 14:03:52,115 - Создание начальных папок
2024-05-21 14:03:55,938 - Показ контекстного меню
2024-05-21 14:03:58,750 - Создан файл: /home/dan/Superapp/folder2/55
2024-05-21 14:07:05,183 - Создание корзины
2024-05-21 14:07:05,183 - Создание системной папки
2024-05-21 14:07:05,183 - Создание начальных папок
2024-05-21 14:07:30,584 - Создание корзины
2024-05-21 14:07:30,584 - Создание системной папки
2024-05-21 14:07:30,584 - Создание начальных папок
2024-05-21 14:08:18,189 - Создание корзины
2024-05-21 14:08:18,189 - Создание системной папки
2024-05-21 14:08:18,189 - Создание начальных папок
2024-05-21 14:08:45,143 - Создание корзины
2024-05-21 14:08:45,144 - Создание системной папки
2024-05-21 14:08:45,144 - Создание начальных папок
2024-05-21 14:10:17,218 - Создание корзины
2024-05-21 14:10:17,218 - Создание системной папки
2024-05-21 14:10:17,218 - Создание начальных папок
2024-05-21 14:11:11,217 - Создание корзины
2024-05-21 14:11:11,217 - Создание системной папки
2024-05-21 14:11:11,217 - Создание начальных папок
2024-05-21 14:12:14,155 - Создание корзины
2024-05-21 14:12:14,156 - Создание системной папки
2024-05-21 14:12:14,156 - Создание начальных папок
2024-05-21 14:14:10,011 - Создание корзины
2024-05-21 14:14:10,011 - Создание системной папки
2024-05-21 14:14:10,011 - Создание начальных папок
2024-05-21 14:14:49,653 - Создание корзины
2024-05-21 14:14:49,653 - Создание системной папки
2024-05-21 14:14:49,654 - Создание начальных папок
2024-05-21 14:14:57,820 - Удален файл: /home/dan/Superapp/folder2/55
2024-05-21 14:15:07,887 - Открытие системного терминала: Терминал
2024-05-21 14:15:07,887 - Открытие кастомного терминала
2024-05-21 14:15:22,802 - Открытие системного браузера
2024-05-21 14:15:31,446 - Открытие системного терминала: Терминал Linux
2024-05-21 14:15:37,151 - Открытие системного монитора
2024-05-21 14:15:41,475 - Открытие системного терминала: Терминал Linux
2024-05-21 14:15:49,401 - Открытие системного калькулятора
2024-05-21 14:15:54,698 - Показ горячих клавиш
2024-05-21 14:16:00,329 - Открытие кастомного терминала
2024-05-21 14:16:06,081 - Показ информации о программе
2024-05-21 14:16:09,057 - Открытие системного терминала: Терминал
2024-05-21 14:16:09,057 - Открытие кастомного терминала
2024-05-21 14:16:42,432 - Создана root папка: /home/dan/Superapp/44
2024-05-21 14:16:44,589 - Удалена папка: /home/dan/Superapp/44
2024-05-21 14:16:47,881 - Показ контекстного меню
2024-05-21 14:16:49,711 - Создан файл: /home/dan/Superapp/folder1/55
2024-05-21 14:16:52,555 - Перемещение объекта в корзину: /home/dan/Superapp/folder1/55 to /home/dan/Superapp/Корзина/55
2024-05-21 14:16:55,576 - Показ контекстного меню
2024-05-21 14:17:01,033 - Удален файл: /home/dan/Superapp/folder1/55
2024-05-21 14:20:59,953 - Создание корзины
2024-05-21 14:20:59,953 - Создание системной папки
2024-05-21 14:20:59,953 - Создание начальных папок
2024-05-21 14:21:02,412 - Отслеживание процессов ОС вне ПО
2024-05-21 14:24:39,072 - Создание корзины
2024-05-21 14:24:39,072 - Создание системной папки
2024-05-21 14:24:39,072 - Создание начальных папок
2024-05-21 14:24:42,994 - Отслеживание процессов ОС вне ПО
2024-05-21 14:25:31,933 - Создание корзины
2024-05-21 14:25:31,934 - Создание системной папки
2024-05-21 14:25:31,934 - Создание начальных папок
2024-05-21 14:38:44,198 - Создание корзины
2024-05-21 14:38:44,198 - Создание системной папки
2024-05-21 14:38:44,198 - Создание начальных папок
2024-05-21 14:40:32,499 - Создание корзины
2024-05-21 14:40:32,499 - Создание системной папки
2024-05-21 14:40:32,500 - Создание начальных папок
2024-05-21 14:42:28,205 - Создание корзины
2024-05-21 14:42:28,205 - Создание системной папки
2024-05-21 14:42:28,205 - Создание начальных папок
2024-05-21 14:44:29,862 - Создание корзины
2024-05-21 14:44:29,862 - Создание системной папки
2024-05-21 14:44:29,862 - Создание начальных папок
2024-05-21 14:46:22,161 - Отслеживание процессов ОС вне ПО
2024-05-21 23:30:23,173 - Создание корзины
2024-05-21 23:30:23,185 - Создание системной папки
2024-05-21 23:30:23,188 - Создание начальных папок
2024-05-21 23:30:59,311 - Создание корзины
2024-05-21 23:30:59,312 - Создание системной папки
2024-05-21 23:30:59,312 - Создание начальных папок
2024-05-21 23:31:01,638 - Показ контекстного меню
2024-05-21 23:31:03,934 - Показ контекстного меню
2024-05-22 01:35:24,943 - Создание корзины
2024-05-22 01:35:24,946 - Создание системной папки
2024-05-22 01:35:24,946 - Создание начальных папок
2024-05-22 01:35:47,248 - Action: add, Device: Device('/sys/devices/pci0000:00/0000:00:0b.0/usb2/2-1/2-1:1.0/host3/target3:0:0/3:0:0:0/block/sdb/sdb1')
2024-05-22 01:35:47,248 - Attribute: .ID_FS_TYPE_NEW = vfat
2024-05-22 01:35:47,248 - Attribute: ACTION = add
2024-05-22 01:35:47,248 - Attribute: CURRENT_TAGS = :systemd:
2024-05-22 01:35:47,249 - Attribute: DEVLINKS = /dev/disk/by-id/usb-Generic_Flash_Disk_B9D47405-0:0-part1 /dev/disk/by-path/pci-0000:00:0b.0-usb-0:1:1.0-scsi-0:0:0:0-part1 /dev/disk/by-uuid/A0A7-EB5A
2024-05-22 01:35:47,249 - Attribute: DEVNAME = /dev/sdb1
2024-05-22 01:35:47,249 - Attribute: DEVPATH = /devices/pci0000:00/0000:00:0b.0/usb2/2-1/2-1:1.0/host3/target3:0:0/3:0:0:0/block/sdb/sdb1
2024-05-22 01:35:47,249 - Attribute: DEVTYPE = partition
2024-05-22 01:35:47,249 - Attribute: DISKSEQ = 5
2024-05-22 01:35:47,249 - Attribute: ID_BUS = usb
2024-05-22 01:35:47,249 - Attribute: ID_FS_TYPE = vfat
2024-05-22 01:35:47,249 - Attribute: ID_FS_USAGE = filesystem
2024-05-22 01:35:47,249 - Attribute: ID_FS_UUID = A0A7-EB5A
2024-05-22 01:35:47,249 - Attribute: ID_FS_UUID_ENC = A0A7-EB5A
2024-05-22 01:35:47,249 - Attribute: ID_FS_VERSION = FAT16
2024-05-22 01:35:47,249 - Attribute: ID_INSTANCE = 0:0
2024-05-22 01:35:47,249 - Attribute: ID_MODEL = Flash_Disk
2024-05-22 01:35:47,249 - Attribute: ID_MODEL_ENC = Flash\x20Disk\x20\x20\x20\x20\x20\x20
2024-05-22 01:35:47,249 - Attribute: ID_MODEL_ID = 6387
2024-05-22 01:35:47,249 - Attribute: ID_PART_ENTRY_DISK = 8:16
2024-05-22 01:35:47,249 - Attribute: ID_PART_ENTRY_NUMBER = 1
2024-05-22 01:35:47,249 - Attribute: ID_PART_ENTRY_OFFSET = 1464
2024-05-22 01:35:47,249 - Attribute: ID_PART_ENTRY_SCHEME = dos
2024-05-22 01:35:47,249 - Attribute: ID_PART_ENTRY_SIZE = 3932744
2024-05-22 01:35:47,249 - Attribute: ID_PART_ENTRY_TYPE = 0x6
2024-05-22 01:35:47,249 - Attribute: ID_PART_TABLE_TYPE = dos
2024-05-22 01:35:47,249 - Attribute: ID_PATH = pci-0000:00:0b.0-usb-0:1:1.0-scsi-0:0:0:0
2024-05-22 01:35:47,249 - Attribute: ID_PATH_TAG = pci-0000_00_0b_0-usb-0_1_1_0-scsi-0_0_0_0
2024-05-22 01:35:47,249 - Attribute: ID_REVISION = 8.07
2024-05-22 01:35:47,249 - Attribute: ID_SERIAL = Generic_Flash_Disk_B9D47405-0:0
2024-05-22 01:35:47,250 - Attribute: ID_SERIAL_SHORT = B9D47405
2024-05-22 01:35:47,250 - Attribute: ID_TYPE = disk
2024-05-22 01:35:47,250 - Attribute: ID_USB_DRIVER = usb-storage
2024-05-22 01:35:47,250 - Attribute: ID_USB_INSTANCE = 0:0
2024-05-22 01:35:47,250 - Attribute: ID_USB_INTERFACES = :080650:
2024-05-22 01:35:47,250 - Attribute: ID_USB_INTERFACE_NUM = 00
2024-05-22 01:35:47,250 - Attribute: ID_USB_MODEL = Flash_Disk
2024-05-22 01:35:47,250 - Attribute: ID_USB_MODEL_ENC = Flash\x20Disk\x20\x20\x20\x20\x20\x20
2024-05-22 01:35:47,250 - Attribute: ID_USB_MODEL_ID = 6387
2024-05-22 01:35:47,250 - Attribute: ID_USB_REVISION = 8.07
2024-05-22 01:35:47,250 - Attribute: ID_USB_SERIAL = Generic_Flash_Disk_B9D47405-0:0
2024-05-22 01:35:47,250 - Attribute: ID_USB_SERIAL_SHORT = B9D47405
2024-05-22 01:35:47,250 - Attribute: ID_USB_TYPE = disk
2024-05-22 01:35:47,250 - Attribute: ID_USB_VENDOR = Generic
2024-05-22 01:35:47,250 - Attribute: ID_USB_VENDOR_ENC = Generic\x20
2024-05-22 01:35:47,250 - Attribute: ID_USB_VENDOR_ID = 058f
2024-05-22 01:35:47,250 - Attribute: ID_VENDOR = Generic
2024-05-22 01:35:47,250 - Attribute: ID_VENDOR_ENC = Generic\x20
2024-05-22 01:35:47,250 - Attribute: ID_VENDOR_ID = 058f
2024-05-22 01:35:47,251 - Attribute: MAJOR = 8
2024-05-22 01:35:47,251 - Attribute: MINOR = 17
2024-05-22 01:35:47,251 - Attribute: PARTN = 1
2024-05-22 01:35:47,251 - Attribute: SEQNUM = 4356
2024-05-22 01:35:47,251 - Attribute: SUBSYSTEM = block
2024-05-22 01:35:47,251 - Attribute: TAGS = :systemd:
2024-05-22 01:35:47,251 - Attribute: USEC_INITIALIZED = 772206844
2024-05-22 01:35:47,251 - Событие USB: add, устройство: Device('/sys/devices/pci0000:00/0000:00:0b.0/usb2/2-1/2-1:1.0/host3/target3:0:0/3:0:0:0/block/sdb/sdb1')
2024-05-22 01:35:49,412 - Action: change, Device: Device('/sys/devices/pci0000:00/0000:00:0b.0/usb2/2-1/2-1:1.0/host3/target3:0:0/3:0:0:0/block/sdb/sdb1')
2024-05-22 01:35:49,412 - Attribute: .ID_FS_TYPE_NEW = vfat
2024-05-22 01:35:49,413 - Attribute: ACTION = change
2024-05-22 01:35:49,414 - Attribute: CURRENT_TAGS = :systemd:
2024-05-22 01:35:49,414 - Attribute: DEVLINKS = /dev/disk/by-id/usb-Generic_Flash_Disk_B9D47405-0:0-part1 /dev/disk/by-path/pci-0000:00:0b.0-usb-0:1:1.0-scsi-0:0:0:0-part1 /dev/disk/by-uuid/A0A7-EB5A
2024-05-22 01:35:49,414 - Attribute: DEVNAME = /dev/sdb1
2024-05-22 01:35:49,414 - Attribute: DEVPATH = /devices/pci0000:00/0000:00:0b.0/usb2/2-1/2-1:1.0/host3/target3:0:0/3:0:0:0/block/sdb/sdb1
2024-05-22 01:35:49,414 - Attribute: DEVTYPE = partition
2024-05-22 01:35:49,414 - Attribute: DISKSEQ = 5
2024-05-22 01:35:49,414 - Attribute: ID_BUS = usb
2024-05-22 01:35:49,414 - Attribute: ID_FS_TYPE = vfat
2024-05-22 01:35:49,414 - Attribute: ID_FS_USAGE = filesystem
2024-05-22 01:35:49,415 - Attribute: ID_FS_UUID = A0A7-EB5A
2024-05-22 01:35:49,415 - Attribute: ID_FS_UUID_ENC = A0A7-EB5A
2024-05-22 01:35:49,415 - Attribute: ID_FS_VERSION = FAT16
2024-05-22 01:35:49,415 - Attribute: ID_INSTANCE = 0:0
2024-05-22 01:35:49,415 - Attribute: ID_MODEL = Flash_Disk
2024-05-22 01:35:49,415 - Attribute: ID_MODEL_ENC = Flash\x20Disk\x20\x20\x20\x20\x20\x20
2024-05-22 01:35:49,415 - Attribute: ID_MODEL_ID = 6387
2024-05-22 01:35:49,415 - Attribute: ID_PART_ENTRY_DISK = 8:16
2024-05-22 01:35:49,415 - Attribute: ID_PART_ENTRY_NUMBER = 1
2024-05-22 01:35:49,415 - Attribute: ID_PART_ENTRY_OFFSET = 1464
2024-05-22 01:35:49,415 - Attribute: ID_PART_ENTRY_SCHEME = dos
2024-05-22 01:35:49,415 - Attribute: ID_PART_ENTRY_SIZE = 3932744
2024-05-22 01:35:49,415 - Attribute: ID_PART_ENTRY_TYPE = 0x6
2024-05-22 01:35:49,415 - Attribute: ID_PART_TABLE_TYPE = dos
2024-05-22 01:35:49,415 - Attribute: ID_PATH = pci-0000:00:0b.0-usb-0:1:1.0-scsi-0:0:0:0
2024-05-22 01:35:49,415 - Attribute: ID_PATH_TAG = pci-0000_00_0b_0-usb-0_1_1_0-scsi-0_0_0_0
2024-05-22 01:35:49,415 - Attribute: ID_REVISION = 8.07
2024-05-22 01:35:49,415 - Attribute: ID_SERIAL = Generic_Flash_Disk_B9D47405-0:0
2024-05-22 01:35:49,415 - Attribute: ID_SERIAL_SHORT = B9D47405
2024-05-22 01:35:49,415 - Attribute: ID_TYPE = disk
2024-05-22 01:35:49,415 - Attribute: ID_USB_DRIVER = usb-storage
2024-05-22 01:35:49,415 - Attribute: ID_USB_INSTANCE = 0:0
2024-05-22 01:35:49,415 - Attribute: ID_USB_INTERFACES = :080650:
2024-05-22 01:35:49,415 - Attribute: ID_USB_INTERFACE_NUM = 00
2024-05-22 01:35:49,415 - Attribute: ID_USB_MODEL = Flash_Disk
2024-05-22 01:35:49,415 - Attribute: ID_USB_MODEL_ENC = Flash\x20Disk\x20\x20\x20\x20\x20\x20
2024-05-22 01:35:49,415 - Attribute: ID_USB_MODEL_ID = 6387
2024-05-22 01:35:49,415 - Attribute: ID_USB_REVISION = 8.07
2024-05-22 01:35:49,415 - Attribute: ID_USB_SERIAL = Generic_Flash_Disk_B9D47405-0:0
2024-05-22 01:35:49,415 - Attribute: ID_USB_SERIAL_SHORT = B9D47405
2024-05-22 01:35:49,415 - Attribute: ID_USB_TYPE = disk
2024-05-22 01:35:49,416 - Attribute: ID_USB_VENDOR = Generic
2024-05-22 01:35:49,416 - Attribute: ID_USB_VENDOR_ENC = Generic\x20
2024-05-22 01:35:49,416 - Attribute: ID_USB_VENDOR_ID = 058f
2024-05-22 01:35:49,416 - Attribute: ID_VENDOR = Generic
2024-05-22 01:35:49,416 - Attribute: ID_VENDOR_ENC = Generic\x20
2024-05-22 01:35:49,416 - Attribute: ID_VENDOR_ID = 058f
2024-05-22 01:35:49,416 - Attribute: MAJOR = 8
2024-05-22 01:35:49,416 - Attribute: MINOR = 17
2024-05-22 01:35:49,416 - Attribute: PARTN = 1
2024-05-22 01:35:49,416 - Attribute: SEQNUM = 4360
2024-05-22 01:35:49,416 - Attribute: SUBSYSTEM = block
2024-05-22 01:35:49,416 - Attribute: SYNTH_ARG_UDISKSSERIAL = 0
2024-05-22 01:35:49,416 - Attribute: SYNTH_UUID = 4a24054b-8577-4e27-bd55-9d21e30bccb1
2024-05-22 01:35:49,416 - Attribute: TAGS = :systemd:
2024-05-22 01:35:49,416 - Attribute: USEC_INITIALIZED = 772206844
2024-05-22 01:35:49,416 - Событие USB: change, устройство: Device('/sys/devices/pci0000:00/0000:00:0b.0/usb2/2-1/2-1:1.0/host3/target3:0:0/3:0:0:0/block/sdb/sdb1')
2024-05-22 01:35:53,620 - Action: remove, Device: Device('/sys/devices/pci0000:00/0000:00:0b.0/usb2/2-1/2-1:1.0/host3/target3:0:0/3:0:0:0/block/sdb/sdb1')
2024-05-22 01:35:53,620 - Attribute: .ID_FS_TYPE_NEW = vfat
2024-05-22 01:35:53,620 - Attribute: ACTION = remove
2024-05-22 01:35:53,620 - Attribute: CURRENT_TAGS = :systemd:
2024-05-22 01:35:53,620 - Attribute: DEVLINKS = /dev/disk/by-path/pci-0000:00:0b.0-usb-0:1:1.0-scsi-0:0:0:0-part1 /dev/disk/by-id/usb-Generic_Flash_Disk_B9D47405-0:0-part1 /dev/disk/by-uuid/A0A7-EB5A
2024-05-22 01:35:53,620 - Attribute: DEVNAME = /dev/sdb1
2024-05-22 01:35:53,620 - Attribute: DEVPATH = /devices/pci0000:00/0000:00:0b.0/usb2/2-1/2-1:1.0/host3/target3:0:0/3:0:0:0/block/sdb/sdb1
2024-05-22 01:35:53,620 - Attribute: DEVTYPE = partition
2024-05-22 01:35:53,620 - Attribute: DISKSEQ = 5
2024-05-22 01:35:53,620 - Attribute: ID_BUS = usb
2024-05-22 01:35:53,620 - Attribute: ID_FS_TYPE = vfat
2024-05-22 01:35:53,620 - Attribute: ID_FS_USAGE = filesystem
2024-05-22 01:35:53,620 - Attribute: ID_FS_UUID = A0A7-EB5A
2024-05-22 01:35:53,621 - Attribute: ID_FS_UUID_ENC = A0A7-EB5A
2024-05-22 01:35:53,621 - Attribute: ID_FS_VERSION = FAT16
2024-05-22 01:35:53,621 - Attribute: ID_INSTANCE = 0:0
2024-05-22 01:35:53,621 - Attribute: ID_MODEL = Flash_Disk
2024-05-22 01:35:53,621 - Attribute: ID_MODEL_ENC = Flash\x20Disk\x20\x20\x20\x20\x20\x20
2024-05-22 01:35:53,621 - Attribute: ID_MODEL_ID = 6387
2024-05-22 01:35:53,621 - Attribute: ID_PART_ENTRY_DISK = 8:16
2024-05-22 01:35:53,621 - Attribute: ID_PART_ENTRY_NUMBER = 1
2024-05-22 01:35:53,621 - Attribute: ID_PART_ENTRY_OFFSET = 1464
2024-05-22 01:35:53,621 - Attribute: ID_PART_ENTRY_SCHEME = dos
2024-05-22 01:35:53,621 - Attribute: ID_PART_ENTRY_SIZE = 3932744
2024-05-22 01:35:53,621 - Attribute: ID_PART_ENTRY_TYPE = 0x6
2024-05-22 01:35:53,621 - Attribute: ID_PART_TABLE_TYPE = dos
2024-05-22 01:35:53,621 - Attribute: ID_PATH = pci-0000:00:0b.0-usb-0:1:1.0-scsi-0:0:0:0
2024-05-22 01:35:53,621 - Attribute: ID_PATH_TAG = pci-0000_00_0b_0-usb-0_1_1_0-scsi-0_0_0_0
2024-05-22 01:35:53,621 - Attribute: ID_REVISION = 8.07
2024-05-22 01:35:53,621 - Attribute: ID_SERIAL = Generic_Flash_Disk_B9D47405-0:0
2024-05-22 01:35:53,621 - Attribute: ID_SERIAL_SHORT = B9D47405
2024-05-22 01:35:53,621 - Attribute: ID_TYPE = disk
2024-05-22 01:35:53,621 - Attribute: ID_USB_DRIVER = usb-storage
2024-05-22 01:35:53,621 - Attribute: ID_USB_INSTANCE = 0:0
2024-05-22 01:35:53,621 - Attribute: ID_USB_INTERFACES = :080650:
2024-05-22 01:35:53,621 - Attribute: ID_USB_INTERFACE_NUM = 00
2024-05-22 01:35:53,621 - Attribute: ID_USB_MODEL = Flash_Disk
2024-05-22 01:35:53,621 - Attribute: ID_USB_MODEL_ENC = Flash\x20Disk\x20\x20\x20\x20\x20\x20
2024-05-22 01:35:53,621 - Attribute: ID_USB_MODEL_ID = 6387
2024-05-22 01:35:53,621 - Attribute: ID_USB_REVISION = 8.07
2024-05-22 01:35:53,621 - Attribute: ID_USB_SERIAL = Generic_Flash_Disk_B9D47405-0:0
2024-05-22 01:35:53,622 - Attribute: ID_USB_SERIAL_SHORT = B9D47405
2024-05-22 01:35:53,622 - Attribute: ID_USB_TYPE = disk
2024-05-22 01:35:53,622 - Attribute: ID_USB_VENDOR = Generic
2024-05-22 01:35:53,622 - Attribute: ID_USB_VENDOR_ENC = Generic\x20
2024-05-22 01:35:53,622 - Attribute: ID_USB_VENDOR_ID = 058f
2024-05-22 01:35:53,622 - Attribute: ID_VENDOR = Generic
2024-05-22 01:35:53,622 - Attribute: ID_VENDOR_ENC = Generic\x20
2024-05-22 01:35:53,622 - Attribute: ID_VENDOR_ID = 058f
2024-05-22 01:35:53,622 - Attribute: MAJOR = 8
2024-05-22 01:35:53,622 - Attribute: MINOR = 17
2024-05-22 01:35:53,622 - Attribute: PARTN = 1
2024-05-22 01:35:53,622 - Attribute: SEQNUM = 4365
2024-05-22 01:35:53,622 - Attribute: SUBSYSTEM = block
2024-05-22 01:35:53,622 - Attribute: TAGS = :systemd:
2024-05-22 01:35:53,622 - Attribute: USEC_INITIALIZED = 772206844
2024-05-22 01:35:53,622 - Событие USB: remove, устройство: Device('/sys/devices/pci0000:00/0000:00:0b.0/usb2/2-1/2-1:1.0/host3/target3:0:0/3:0:0:0/block/sdb/sdb1')
2024-05-22 01:38:26,634 - Показ контекстного меню
2024-05-22 01:38:52,642 - Показ информации о программе
2024-05-22 01:39:24,812 - Показ контекстного меню
2024-05-22 01:40:01,123 - Ошибка удаление защищенного объекта: /home/dan/Superapp/Корзина
2024-05-22 01:40:01,792 - Открытие системного терминала: Терминал
2024-05-22 01:40:01,792 - Открытие кастомного терминала
2024-05-22 12:15:52,180 - Создание корзины
2024-05-22 12:15:52,204 - Создание системной папки
2024-05-22 12:15:52,204 - Создание начальных папок
2024-05-22 12:15:59,231 - Отслеживание процессов ОС вне ПО
2024-05-22 12:47:50,786 - Создание корзины
2024-05-22 12:47:50,786 - Создание системной папки
2024-05-22 12:47:50,786 - Создание начальных папок
